0 info it worked if it ends with ok
1 verbose cli [ '/usr/bin/node', '/usr/bin/npm', 'publish' ]
2 info using npm@1.3.11
3 info using node@v0.10.21
4 verbose node symlink /usr/bin/node
5 verbose publish [ '.' ]
6 verbose cache add [ '.', null ]
7 verbose cache add name=undefined spec="." args=[".",null]
8 verbose parsed url { protocol: null,
8 verbose parsed url   slashes: null,
8 verbose parsed url   auth: null,
8 verbose parsed url   host: null,
8 verbose parsed url   port: null,
8 verbose parsed url   hostname: null,
8 verbose parsed url   hash: null,
8 verbose parsed url   search: null,
8 verbose parsed url   query: null,
8 verbose parsed url   pathname: '.',
8 verbose parsed url   path: '.',
8 verbose parsed url   href: '.' }
9 silly lockFile 3a52ce78- .
10 verbose lock . /home/vagrant/.npm/3a52ce78-.lock
11 verbose tar pack [ '/home/vagrant/tmp/npm-25231-n5GZBIY_/1387124274763-0.3288939269259572/tmp.tgz',
11 verbose tar pack   '.' ]
12 verbose tarball /home/vagrant/tmp/npm-25231-n5GZBIY_/1387124274763-0.3288939269259572/tmp.tgz
13 verbose folder .
14 silly lockFile 1f1177db-tar tar://.
15 verbose lock tar://. /home/vagrant/.npm/1f1177db-tar.lock
16 silly lockFile 104cfb4e-74763-0-3288939269259572-tmp-tgz tar:///home/vagrant/tmp/npm-25231-n5GZBIY_/1387124274763-0.3288939269259572/tmp.tgz
17 verbose lock tar:///home/vagrant/tmp/npm-25231-n5GZBIY_/1387124274763-0.3288939269259572/tmp.tgz /home/vagrant/.npm/104cfb4e-74763-0-3288939269259572-tmp-tgz.lock
18 silly lockFile 1f1177db-tar tar://.
19 silly lockFile 1f1177db-tar tar://.
20 silly lockFile 104cfb4e-74763-0-3288939269259572-tmp-tgz tar:///home/vagrant/tmp/npm-25231-n5GZBIY_/1387124274763-0.3288939269259572/tmp.tgz
21 silly lockFile 104cfb4e-74763-0-3288939269259572-tmp-tgz tar:///home/vagrant/tmp/npm-25231-n5GZBIY_/1387124274763-0.3288939269259572/tmp.tgz
22 verbose tar unpack /home/vagrant/tmp/npm-25231-n5GZBIY_/1387124274763-0.3288939269259572/tmp.tgz
23 silly lockFile c069d11e-74763-0-3288939269259572-package tar:///home/vagrant/tmp/npm-25231-n5GZBIY_/1387124274763-0.3288939269259572/package
24 verbose lock tar:///home/vagrant/tmp/npm-25231-n5GZBIY_/1387124274763-0.3288939269259572/package /home/vagrant/.npm/c069d11e-74763-0-3288939269259572-package.lock
25 silly lockFile 104cfb4e-74763-0-3288939269259572-tmp-tgz tar:///home/vagrant/tmp/npm-25231-n5GZBIY_/1387124274763-0.3288939269259572/tmp.tgz
26 verbose lock tar:///home/vagrant/tmp/npm-25231-n5GZBIY_/1387124274763-0.3288939269259572/tmp.tgz /home/vagrant/.npm/104cfb4e-74763-0-3288939269259572-tmp-tgz.lock
27 silly gunzTarPerm modes [ '755', '644' ]
28 silly gunzTarPerm extractEntry package.json
29 silly gunzTarPerm modified mode [ 'package.json', 511, 493 ]
30 silly gunzTarPerm extractEntry README.md
31 silly gunzTarPerm modified mode [ 'README.md', 511, 493 ]
32 silly gunzTarPerm extractEntry LICENSE
33 silly gunzTarPerm modified mode [ 'LICENSE', 511, 493 ]
34 silly gunzTarPerm extractEntry app/index.js
35 silly gunzTarPerm modified mode [ 'app/index.js', 511, 493 ]
36 silly gunzTarPerm extractEntry app/templates/README.md
37 silly gunzTarPerm modified mode [ 'app/templates/README.md', 511, 493 ]
38 silly gunzTarPerm extractEntry app/templates/Gruntfile.js
39 silly gunzTarPerm modified mode [ 'app/templates/Gruntfile.js', 511, 493 ]
40 silly gunzTarPerm extractEntry app/templates/main.js
41 silly gunzTarPerm modified mode [ 'app/templates/main.js', 511, 493 ]
42 silly gunzTarPerm extractEntry app/templates/jshintrc
43 silly gunzTarPerm modified mode [ 'app/templates/jshintrc', 511, 493 ]
44 silly gunzTarPerm extractEntry app/templates/_bower.json
45 silly gunzTarPerm modified mode [ 'app/templates/_bower.json', 511, 493 ]
46 silly gunzTarPerm extractEntry app/templates/_package.json
47 silly gunzTarPerm modified mode [ 'app/templates/_package.json', 511, 493 ]
48 silly gunzTarPerm extractEntry app/templates/base.php
49 silly gunzTarPerm modified mode [ 'app/templates/base.php', 511, 493 ]
50 silly gunzTarPerm extractEntry app/templates/csslintrc
51 silly gunzTarPerm modified mode [ 'app/templates/csslintrc', 511, 493 ]
52 silly gunzTarPerm extractEntry app/templates/editorconfig
53 silly gunzTarPerm modified mode [ 'app/templates/editorconfig', 511, 493 ]
54 silly gunzTarPerm extractEntry app/templates/functions.php
55 silly gunzTarPerm modified mode [ 'app/templates/functions.php', 511, 493 ]
56 silly gunzTarPerm extractEntry app/templates/gitignore
57 silly gunzTarPerm modified mode [ 'app/templates/gitignore', 511, 493 ]
58 silly gunzTarPerm extractEntry app/templates/humans.txt
59 silly gunzTarPerm modified mode [ 'app/templates/humans.txt', 511, 493 ]
60 silly gunzTarPerm extractEntry app/templates/index.php
61 silly gunzTarPerm modified mode [ 'app/templates/index.php', 511, 493 ]
62 silly gunzTarPerm extractEntry app/templates/404.php
63 silly gunzTarPerm modified mode [ 'app/templates/404.php', 511, 493 ]
64 silly gunzTarPerm extractEntry app/templates/lang/mk_MK.mo
65 silly gunzTarPerm modified mode [ 'app/templates/lang/mk_MK.mo', 511, 493 ]
66 silly gunzTarPerm extractEntry app/templates/lang/ar.mo
67 silly gunzTarPerm modified mode [ 'app/templates/lang/ar.mo', 511, 493 ]
68 silly gunzTarPerm extractEntry app/templates/lang/bg_BG.mo
69 silly gunzTarPerm modified mode [ 'app/templates/lang/bg_BG.mo', 511, 493 ]
70 silly gunzTarPerm extractEntry app/templates/lang/bg_BG.po
71 silly gunzTarPerm modified mode [ 'app/templates/lang/bg_BG.po', 511, 493 ]
72 silly gunzTarPerm extractEntry app/templates/lang/ca.mo
73 silly gunzTarPerm modified mode [ 'app/templates/lang/ca.mo', 511, 493 ]
74 silly gunzTarPerm extractEntry app/templates/lang/ca.po
75 silly gunzTarPerm modified mode [ 'app/templates/lang/ca.po', 511, 493 ]
76 silly gunzTarPerm extractEntry app/templates/lang/da_DK.mo
77 silly gunzTarPerm modified mode [ 'app/templates/lang/da_DK.mo', 511, 493 ]
78 silly gunzTarPerm extractEntry app/templates/lang/da_DK.po
79 silly gunzTarPerm modified mode [ 'app/templates/lang/da_DK.po', 511, 493 ]
80 silly gunzTarPerm extractEntry app/templates/lang/de_DE.mo
81 silly gunzTarPerm modified mode [ 'app/templates/lang/de_DE.mo', 511, 493 ]
82 silly gunzTarPerm extractEntry app/templates/lang/de_DE.po
83 silly gunzTarPerm modified mode [ 'app/templates/lang/de_DE.po', 511, 493 ]
84 silly gunzTarPerm extractEntry app/templates/lang/egzpo.pot
85 silly gunzTarPerm modified mode [ 'app/templates/lang/egzpo.pot', 511, 493 ]
86 silly gunzTarPerm extractEntry app/templates/lang/el.mo
87 silly gunzTarPerm modified mode [ 'app/templates/lang/el.mo', 511, 493 ]
88 silly gunzTarPerm extractEntry app/templates/lang/el.po
89 silly gunzTarPerm modified mode [ 'app/templates/lang/el.po', 511, 493 ]
90 silly gunzTarPerm extractEntry app/templates/lang/es_ES.mo
91 silly gunzTarPerm modified mode [ 'app/templates/lang/es_ES.mo', 511, 493 ]
92 silly gunzTarPerm extractEntry app/templates/lang/es_ES.po
93 silly gunzTarPerm modified mode [ 'app/templates/lang/es_ES.po', 511, 493 ]
94 silly gunzTarPerm extractEntry app/templates/lang/fa_IR.mo
95 silly gunzTarPerm modified mode [ 'app/templates/lang/fa_IR.mo', 511, 493 ]
96 silly gunzTarPerm extractEntry app/templates/lang/fa_IR.po
97 silly gunzTarPerm modified mode [ 'app/templates/lang/fa_IR.po', 511, 493 ]
98 silly gunzTarPerm extractEntry app/templates/lang/fi_FI.mo
99 silly gunzTarPerm modified mode [ 'app/templates/lang/fi_FI.mo', 511, 493 ]
100 silly gunzTarPerm extractEntry app/templates/lang/fi_FI.po
101 silly gunzTarPerm modified mode [ 'app/templates/lang/fi_FI.po', 511, 493 ]
102 silly gunzTarPerm extractEntry app/templates/lang/fr_FR.mo
103 silly gunzTarPerm modified mode [ 'app/templates/lang/fr_FR.mo', 511, 493 ]
104 silly gunzTarPerm extractEntry app/templates/lang/fr_FR.po
105 silly gunzTarPerm modified mode [ 'app/templates/lang/fr_FR.po', 511, 493 ]
106 silly gunzTarPerm extractEntry app/templates/lang/hu_HU.mo
107 silly gunzTarPerm modified mode [ 'app/templates/lang/hu_HU.mo', 511, 493 ]
108 silly gunzTarPerm extractEntry app/templates/lang/hu_HU.po
109 silly gunzTarPerm modified mode [ 'app/templates/lang/hu_HU.po', 511, 493 ]
110 silly gunzTarPerm extractEntry app/templates/lang/id_ID.mo
111 silly gunzTarPerm modified mode [ 'app/templates/lang/id_ID.mo', 511, 493 ]
112 silly gunzTarPerm extractEntry app/templates/lang/id_ID.po
113 silly gunzTarPerm modified mode [ 'app/templates/lang/id_ID.po', 511, 493 ]
114 silly gunzTarPerm extractEntry app/templates/lang/it_IT.mo
115 silly gunzTarPerm modified mode [ 'app/templates/lang/it_IT.mo', 511, 493 ]
116 silly gunzTarPerm extractEntry app/templates/lang/it_IT.po
117 silly gunzTarPerm modified mode [ 'app/templates/lang/it_IT.po', 511, 493 ]
118 silly gunzTarPerm extractEntry app/templates/lang/ko_KR.mo
119 silly gunzTarPerm modified mode [ 'app/templates/lang/ko_KR.mo', 511, 493 ]
120 silly gunzTarPerm extractEntry app/templates/lang/ko_KR.po
121 silly gunzTarPerm modified mode [ 'app/templates/lang/ko_KR.po', 511, 493 ]
122 silly gunzTarPerm extractEntry app/templates/lang/ar.po
123 silly gunzTarPerm modified mode [ 'app/templates/lang/ar.po', 511, 493 ]
124 silly gunzTarPerm extractEntry app/templates/lang/mk_MK.po
125 silly gunzTarPerm modified mode [ 'app/templates/lang/mk_MK.po', 511, 493 ]
126 silly gunzTarPerm extractEntry app/templates/lang/ms_MY.mo
127 silly gunzTarPerm modified mode [ 'app/templates/lang/ms_MY.mo', 511, 493 ]
128 silly gunzTarPerm extractEntry app/templates/lang/ms_MY.po
129 silly gunzTarPerm modified mode [ 'app/templates/lang/ms_MY.po', 511, 493 ]
130 silly gunzTarPerm extractEntry app/templates/lang/nb_NO.mo
131 silly gunzTarPerm modified mode [ 'app/templates/lang/nb_NO.mo', 511, 493 ]
132 silly gunzTarPerm extractEntry app/templates/lang/nb_NO.po
133 silly gunzTarPerm modified mode [ 'app/templates/lang/nb_NO.po', 511, 493 ]
134 silly gunzTarPerm extractEntry app/templates/lang/nl_NL.mo
135 silly gunzTarPerm modified mode [ 'app/templates/lang/nl_NL.mo', 511, 493 ]
136 silly gunzTarPerm extractEntry app/templates/lang/nl_NL.po
137 silly gunzTarPerm modified mode [ 'app/templates/lang/nl_NL.po', 511, 493 ]
138 silly gunzTarPerm extractEntry app/templates/lang/nn_NO.mo
139 silly gunzTarPerm modified mode [ 'app/templates/lang/nn_NO.mo', 511, 493 ]
140 silly gunzTarPerm extractEntry app/templates/lang/nn_NO.po
141 silly gunzTarPerm modified mode [ 'app/templates/lang/nn_NO.po', 511, 493 ]
142 silly gunzTarPerm extractEntry app/templates/lang/pl_PL.mo
143 silly gunzTarPerm modified mode [ 'app/templates/lang/pl_PL.mo', 511, 493 ]
144 silly gunzTarPerm extractEntry app/templates/lang/pl_PL.po
145 silly gunzTarPerm modified mode [ 'app/templates/lang/pl_PL.po', 511, 493 ]
146 silly gunzTarPerm extractEntry app/templates/lang/pt_BR.mo
147 silly gunzTarPerm modified mode [ 'app/templates/lang/pt_BR.mo', 511, 493 ]
148 silly gunzTarPerm extractEntry app/templates/lang/pt_BR.po
149 silly gunzTarPerm modified mode [ 'app/templates/lang/pt_BR.po', 511, 493 ]
150 silly gunzTarPerm extractEntry app/templates/lang/ro_RO.mo
151 silly gunzTarPerm modified mode [ 'app/templates/lang/ro_RO.mo', 511, 493 ]
152 silly gunzTarPerm extractEntry app/templates/lang/ro_RO.po
153 silly gunzTarPerm modified mode [ 'app/templates/lang/ro_RO.po', 511, 493 ]
154 silly gunzTarPerm extractEntry app/templates/lang/ru_RU.mo
155 silly gunzTarPerm modified mode [ 'app/templates/lang/ru_RU.mo', 511, 493 ]
156 silly gunzTarPerm extractEntry app/templates/lang/ru_RU.po
157 silly gunzTarPerm modified mode [ 'app/templates/lang/ru_RU.po', 511, 493 ]
158 silly gunzTarPerm extractEntry app/templates/lang/sr_rs.mo
159 silly gunzTarPerm modified mode [ 'app/templates/lang/sr_rs.mo', 511, 493 ]
160 silly gunzTarPerm extractEntry app/templates/lang/sv_SE.mo
161 silly gunzTarPerm modified mode [ 'app/templates/lang/sv_SE.mo', 511, 493 ]
162 silly gunzTarPerm extractEntry app/templates/lang/sv_SE.po
163 silly gunzTarPerm modified mode [ 'app/templates/lang/sv_SE.po', 511, 493 ]
164 silly gunzTarPerm extractEntry app/templates/lang/tr_TR.mo
165 silly gunzTarPerm modified mode [ 'app/templates/lang/tr_TR.mo', 511, 493 ]
166 silly gunzTarPerm extractEntry app/templates/lang/tr_TR.po
167 silly gunzTarPerm modified mode [ 'app/templates/lang/tr_TR.po', 511, 493 ]
168 silly gunzTarPerm extractEntry app/templates/lang/vi_VN.mo
169 silly gunzTarPerm modified mode [ 'app/templates/lang/vi_VN.mo', 511, 493 ]
170 silly gunzTarPerm extractEntry app/templates/lang/vi_VN.po
171 silly gunzTarPerm modified mode [ 'app/templates/lang/vi_VN.po', 511, 493 ]
172 silly gunzTarPerm extractEntry app/templates/lang/zh_CN.mo
173 silly gunzTarPerm modified mode [ 'app/templates/lang/zh_CN.mo', 511, 493 ]
174 silly gunzTarPerm extractEntry app/templates/lang/zh_CN.po
175 silly gunzTarPerm modified mode [ 'app/templates/lang/zh_CN.po', 511, 493 ]
176 silly gunzTarPerm extractEntry app/templates/lang/zh_TW.mo
177 silly gunzTarPerm modified mode [ 'app/templates/lang/zh_TW.mo', 511, 493 ]
178 silly gunzTarPerm extractEntry app/templates/lang/zh_TW.po
179 silly gunzTarPerm modified mode [ 'app/templates/lang/zh_TW.po', 511, 493 ]
180 silly gunzTarPerm extractEntry app/templates/lib/relative-urls.php
181 silly gunzTarPerm modified mode [ 'app/templates/lib/relative-urls.php', 511, 493 ]
182 silly gunzTarPerm extractEntry app/templates/lib/activation.php
183 silly gunzTarPerm modified mode [ 'app/templates/lib/activation.php', 511, 493 ]
184 silly gunzTarPerm extractEntry app/templates/lib/comments.php
185 silly gunzTarPerm modified mode [ 'app/templates/lib/comments.php', 511, 493 ]
186 silly gunzTarPerm extractEntry app/templates/lib/config.php
187 silly gunzTarPerm modified mode [ 'app/templates/lib/config.php', 511, 493 ]
188 silly gunzTarPerm extractEntry app/templates/lib/custom.php
189 silly gunzTarPerm modified mode [ 'app/templates/lib/custom.php', 511, 493 ]
190 silly gunzTarPerm extractEntry app/templates/lib/gallery.php
191 silly gunzTarPerm modified mode [ 'app/templates/lib/gallery.php', 511, 493 ]
192 silly gunzTarPerm extractEntry app/templates/lib/init.php
193 silly gunzTarPerm modified mode [ 'app/templates/lib/init.php', 511, 493 ]
194 silly gunzTarPerm extractEntry app/templates/lib/nav.php
195 silly gunzTarPerm modified mode [ 'app/templates/lib/nav.php', 511, 493 ]
196 silly gunzTarPerm extractEntry app/templates/lib/cleanup.php
197 silly gunzTarPerm modified mode [ 'app/templates/lib/cleanup.php', 511, 493 ]
198 silly gunzTarPerm extractEntry app/templates/lib/rewrites.php
199 silly gunzTarPerm modified mode [ 'app/templates/lib/rewrites.php', 511, 493 ]
200 silly gunzTarPerm extractEntry app/templates/lib/scripts.php
201 silly gunzTarPerm modified mode [ 'app/templates/lib/scripts.php', 511, 493 ]
202 silly gunzTarPerm extractEntry app/templates/lib/sidebar.php
203 silly gunzTarPerm modified mode [ 'app/templates/lib/sidebar.php', 511, 493 ]
204 silly gunzTarPerm extractEntry app/templates/lib/titles.php
205 silly gunzTarPerm modified mode [ 'app/templates/lib/titles.php', 511, 493 ]
206 silly gunzTarPerm extractEntry app/templates/lib/utils.php
207 silly gunzTarPerm modified mode [ 'app/templates/lib/utils.php', 511, 493 ]
208 silly gunzTarPerm extractEntry app/templates/lib/widgets.php
209 silly gunzTarPerm modified mode [ 'app/templates/lib/widgets.php', 511, 493 ]
210 silly gunzTarPerm extractEntry app/templates/lib/wrapper.php
211 silly gunzTarPerm modified mode [ 'app/templates/lib/wrapper.php', 511, 493 ]
212 silly gunzTarPerm extractEntry app/templates/logo.svg
213 silly gunzTarPerm modified mode [ 'app/templates/logo.svg', 511, 493 ]
214 silly gunzTarPerm extractEntry app/templates/TODO.md
215 silly gunzTarPerm modified mode [ 'app/templates/TODO.md', 511, 493 ]
216 silly gunzTarPerm extractEntry app/templates/page.php
217 silly gunzTarPerm modified mode [ 'app/templates/page.php', 511, 493 ]
218 silly gunzTarPerm extractEntry app/templates/sass/_photoshop.scss
219 silly gunzTarPerm modified mode [ 'app/templates/sass/_photoshop.scss', 511, 493 ]
220 silly gunzTarPerm extractEntry app/templates/sass/_comments.scss
221 silly gunzTarPerm modified mode [ 'app/templates/sass/_comments.scss', 511, 493 ]
222 silly gunzTarPerm extractEntry app/templates/sass/_global.scss
223 silly gunzTarPerm modified mode [ 'app/templates/sass/_global.scss', 511, 493 ]
224 silly gunzTarPerm extractEntry app/templates/sass/_grid.scss
225 silly gunzTarPerm modified mode [ 'app/templates/sass/_grid.scss', 511, 493 ]
226 silly gunzTarPerm extractEntry app/templates/sass/_helpers.scss
227 silly gunzTarPerm modified mode [ 'app/templates/sass/_helpers.scss', 511, 493 ]
228 silly gunzTarPerm extractEntry app/templates/sass/_mixins.scss
229 silly gunzTarPerm modified mode [ 'app/templates/sass/_mixins.scss', 511, 493 ]
230 silly gunzTarPerm extractEntry app/templates/sass/_page.scss
231 silly gunzTarPerm modified mode [ 'app/templates/sass/_page.scss', 511, 493 ]
232 silly gunzTarPerm extractEntry app/templates/sass/_forms.scss
233 silly gunzTarPerm modified mode [ 'app/templates/sass/_forms.scss', 511, 493 ]
234 silly gunzTarPerm extractEntry app/templates/sass/_posts.scss
235 silly gunzTarPerm modified mode [ 'app/templates/sass/_posts.scss', 511, 493 ]
236 silly gunzTarPerm extractEntry app/templates/sass/_print.scss
237 silly gunzTarPerm modified mode [ 'app/templates/sass/_print.scss', 511, 493 ]
238 silly gunzTarPerm extractEntry app/templates/sass/_rem.scss
239 silly gunzTarPerm modified mode [ 'app/templates/sass/_rem.scss', 511, 493 ]
240 silly gunzTarPerm extractEntry app/templates/sass/_search.scss
241 silly gunzTarPerm modified mode [ 'app/templates/sass/_search.scss', 511, 493 ]
242 silly gunzTarPerm extractEntry app/templates/sass/_variables.scss
243 silly gunzTarPerm modified mode [ 'app/templates/sass/_variables.scss', 511, 493 ]
244 silly gunzTarPerm extractEntry app/templates/sass/_widgets.scss
245 silly gunzTarPerm modified mode [ 'app/templates/sass/_widgets.scss', 511, 493 ]
246 silly gunzTarPerm extractEntry app/templates/sass/app.scss
247 silly gunzTarPerm modified mode [ 'app/templates/sass/app.scss', 511, 493 ]
248 silly gunzTarPerm extractEntry app/templates/screenshot.png
249 silly gunzTarPerm modified mode [ 'app/templates/screenshot.png', 511, 493 ]
250 silly gunzTarPerm extractEntry app/templates/single.php
251 silly gunzTarPerm modified mode [ 'app/templates/single.php', 511, 493 ]
252 silly gunzTarPerm extractEntry app/templates/style.css
253 silly gunzTarPerm modified mode [ 'app/templates/style.css', 511, 493 ]
254 silly gunzTarPerm extractEntry app/templates/template-custom.php
255 silly gunzTarPerm modified mode [ 'app/templates/template-custom.php', 511, 493 ]
256 silly gunzTarPerm extractEntry app/templates/templates/footer.php
257 silly gunzTarPerm modified mode [ 'app/templates/templates/footer.php', 511, 493 ]
258 silly gunzTarPerm extractEntry app/templates/templates/comment.php
259 silly gunzTarPerm modified mode [ 'app/templates/templates/comment.php', 511, 493 ]
260 silly gunzTarPerm extractEntry app/templates/templates/content-page.php
261 silly gunzTarPerm modified mode [ 'app/templates/templates/content-page.php', 511, 493 ]
262 silly gunzTarPerm extractEntry app/templates/templates/content-single.php
263 silly gunzTarPerm modified mode [ 'app/templates/templates/content-single.php', 511, 493 ]
264 silly gunzTarPerm extractEntry app/templates/templates/content.php
265 silly gunzTarPerm modified mode [ 'app/templates/templates/content.php', 511, 493 ]
266 silly gunzTarPerm extractEntry app/templates/templates/entry-meta.php
267 silly gunzTarPerm modified mode [ 'app/templates/templates/entry-meta.php', 511, 493 ]
268 silly gunzTarPerm extractEntry app/templates/templates/comments.php
269 silly gunzTarPerm modified mode [ 'app/templates/templates/comments.php', 511, 493 ]
270 silly gunzTarPerm extractEntry app/templates/templates/head.php
271 silly gunzTarPerm modified mode [ 'app/templates/templates/head.php', 511, 493 ]
272 silly gunzTarPerm extractEntry app/templates/templates/header.php
273 silly gunzTarPerm modified mode [ 'app/templates/templates/header.php', 511, 493 ]
274 silly gunzTarPerm extractEntry app/templates/templates/page-header.php
275 silly gunzTarPerm modified mode [ 'app/templates/templates/page-header.php', 511, 493 ]
276 silly gunzTarPerm extractEntry app/templates/templates/searchform.php
277 silly gunzTarPerm modified mode [ 'app/templates/templates/searchform.php', 511, 493 ]
278 silly gunzTarPerm extractEntry app/templates/templates/sidebar.php
279 silly gunzTarPerm modified mode [ 'app/templates/templates/sidebar.php', 511, 493 ]
280 silly gunzTarPerm extractEntry app/templates/travis.yml
281 silly gunzTarPerm modified mode [ 'app/templates/travis.yml', 511, 493 ]
282 silly lockFile c069d11e-74763-0-3288939269259572-package tar:///home/vagrant/tmp/npm-25231-n5GZBIY_/1387124274763-0.3288939269259572/package
283 silly lockFile c069d11e-74763-0-3288939269259572-package tar:///home/vagrant/tmp/npm-25231-n5GZBIY_/1387124274763-0.3288939269259572/package
284 silly lockFile 104cfb4e-74763-0-3288939269259572-tmp-tgz tar:///home/vagrant/tmp/npm-25231-n5GZBIY_/1387124274763-0.3288939269259572/tmp.tgz
285 silly lockFile 104cfb4e-74763-0-3288939269259572-tmp-tgz tar:///home/vagrant/tmp/npm-25231-n5GZBIY_/1387124274763-0.3288939269259572/tmp.tgz
286 verbose tar pack [ '/home/vagrant/.npm/generator-egzpo/0.0.6/package.tgz',
286 verbose tar pack   '/home/vagrant/tmp/npm-25231-n5GZBIY_/1387124274763-0.3288939269259572/package' ]
287 verbose tarball /home/vagrant/.npm/generator-egzpo/0.0.6/package.tgz
288 verbose folder /home/vagrant/tmp/npm-25231-n5GZBIY_/1387124274763-0.3288939269259572/package
289 silly lockFile c069d11e-74763-0-3288939269259572-package tar:///home/vagrant/tmp/npm-25231-n5GZBIY_/1387124274763-0.3288939269259572/package
290 verbose lock tar:///home/vagrant/tmp/npm-25231-n5GZBIY_/1387124274763-0.3288939269259572/package /home/vagrant/.npm/c069d11e-74763-0-3288939269259572-package.lock
291 silly lockFile 99fc8551-enerator-egzpo-0-0-6-package-tgz tar:///home/vagrant/.npm/generator-egzpo/0.0.6/package.tgz
292 verbose lock tar:///home/vagrant/.npm/generator-egzpo/0.0.6/package.tgz /home/vagrant/.npm/99fc8551-enerator-egzpo-0-0-6-package-tgz.lock
293 silly lockFile c069d11e-74763-0-3288939269259572-package tar:///home/vagrant/tmp/npm-25231-n5GZBIY_/1387124274763-0.3288939269259572/package
294 silly lockFile c069d11e-74763-0-3288939269259572-package tar:///home/vagrant/tmp/npm-25231-n5GZBIY_/1387124274763-0.3288939269259572/package
295 silly lockFile 99fc8551-enerator-egzpo-0-0-6-package-tgz tar:///home/vagrant/.npm/generator-egzpo/0.0.6/package.tgz
296 silly lockFile 99fc8551-enerator-egzpo-0-0-6-package-tgz tar:///home/vagrant/.npm/generator-egzpo/0.0.6/package.tgz
297 silly lockFile 1f9427fb-pm-generator-egzpo-0-0-6-package /home/vagrant/.npm/generator-egzpo/0.0.6/package
298 verbose lock /home/vagrant/.npm/generator-egzpo/0.0.6/package /home/vagrant/.npm/1f9427fb-pm-generator-egzpo-0-0-6-package.lock
299 silly lockFile 1f9427fb-pm-generator-egzpo-0-0-6-package /home/vagrant/.npm/generator-egzpo/0.0.6/package
300 silly lockFile 1f9427fb-pm-generator-egzpo-0-0-6-package /home/vagrant/.npm/generator-egzpo/0.0.6/package
301 verbose tar unpack /home/vagrant/.npm/generator-egzpo/0.0.6/package.tgz
302 silly lockFile 7cec756a-pm-generator-egzpo-0-0-6-package tar:///home/vagrant/.npm/generator-egzpo/0.0.6/package
303 verbose lock tar:///home/vagrant/.npm/generator-egzpo/0.0.6/package /home/vagrant/.npm/7cec756a-pm-generator-egzpo-0-0-6-package.lock
304 silly lockFile 99fc8551-enerator-egzpo-0-0-6-package-tgz tar:///home/vagrant/.npm/generator-egzpo/0.0.6/package.tgz
305 verbose lock tar:///home/vagrant/.npm/generator-egzpo/0.0.6/package.tgz /home/vagrant/.npm/99fc8551-enerator-egzpo-0-0-6-package-tgz.lock
306 silly gunzTarPerm modes [ '755', '644' ]
307 silly gunzTarPerm extractEntry package.json
308 silly gunzTarPerm extractEntry README.md
309 silly gunzTarPerm extractEntry LICENSE
310 silly gunzTarPerm extractEntry app/index.js
311 silly gunzTarPerm extractEntry app/templates/README.md
312 silly gunzTarPerm extractEntry app/templates/Gruntfile.js
313 silly gunzTarPerm extractEntry app/templates/main.js
314 silly gunzTarPerm extractEntry app/templates/jshintrc
315 silly gunzTarPerm extractEntry app/templates/_bower.json
316 silly gunzTarPerm extractEntry app/templates/_package.json
317 silly gunzTarPerm extractEntry app/templates/base.php
318 silly gunzTarPerm extractEntry app/templates/csslintrc
319 silly gunzTarPerm extractEntry app/templates/editorconfig
320 silly gunzTarPerm extractEntry app/templates/functions.php
321 silly gunzTarPerm extractEntry app/templates/gitignore
322 silly gunzTarPerm extractEntry app/templates/humans.txt
323 silly gunzTarPerm extractEntry app/templates/index.php
324 silly gunzTarPerm extractEntry app/templates/404.php
325 silly gunzTarPerm extractEntry app/templates/lang/mk_MK.mo
326 silly gunzTarPerm extractEntry app/templates/lang/ar.mo
327 silly gunzTarPerm extractEntry app/templates/lang/bg_BG.mo
328 silly gunzTarPerm extractEntry app/templates/lang/bg_BG.po
329 silly gunzTarPerm extractEntry app/templates/lang/ca.mo
330 silly gunzTarPerm extractEntry app/templates/lang/ca.po
331 silly gunzTarPerm extractEntry app/templates/lang/da_DK.mo
332 silly gunzTarPerm extractEntry app/templates/lang/da_DK.po
333 silly gunzTarPerm extractEntry app/templates/lang/de_DE.mo
334 silly gunzTarPerm extractEntry app/templates/lang/de_DE.po
335 silly gunzTarPerm extractEntry app/templates/lang/egzpo.pot
336 silly gunzTarPerm extractEntry app/templates/lang/el.mo
337 silly gunzTarPerm extractEntry app/templates/lang/el.po
338 silly gunzTarPerm extractEntry app/templates/lang/es_ES.mo
339 silly gunzTarPerm extractEntry app/templates/lang/es_ES.po
340 silly gunzTarPerm extractEntry app/templates/lang/fa_IR.mo
341 silly gunzTarPerm extractEntry app/templates/lang/fa_IR.po
342 silly gunzTarPerm extractEntry app/templates/lang/fi_FI.mo
343 silly gunzTarPerm extractEntry app/templates/lang/fi_FI.po
344 silly gunzTarPerm extractEntry app/templates/lang/fr_FR.mo
345 silly gunzTarPerm extractEntry app/templates/lang/fr_FR.po
346 silly gunzTarPerm extractEntry app/templates/lang/hu_HU.mo
347 silly gunzTarPerm extractEntry app/templates/lang/hu_HU.po
348 silly gunzTarPerm extractEntry app/templates/lang/id_ID.mo
349 silly gunzTarPerm extractEntry app/templates/lang/id_ID.po
350 silly gunzTarPerm extractEntry app/templates/lang/it_IT.mo
351 silly gunzTarPerm extractEntry app/templates/lang/it_IT.po
352 silly gunzTarPerm extractEntry app/templates/lang/ko_KR.mo
353 silly gunzTarPerm extractEntry app/templates/lang/ko_KR.po
354 silly gunzTarPerm extractEntry app/templates/lang/ar.po
355 silly gunzTarPerm extractEntry app/templates/lang/mk_MK.po
356 silly gunzTarPerm extractEntry app/templates/lang/ms_MY.mo
357 silly gunzTarPerm extractEntry app/templates/lang/ms_MY.po
358 silly gunzTarPerm extractEntry app/templates/lang/nb_NO.mo
359 silly gunzTarPerm extractEntry app/templates/lang/nb_NO.po
360 silly gunzTarPerm extractEntry app/templates/lang/nl_NL.mo
361 silly gunzTarPerm extractEntry app/templates/lang/nl_NL.po
362 silly gunzTarPerm extractEntry app/templates/lang/nn_NO.mo
363 silly gunzTarPerm extractEntry app/templates/lang/nn_NO.po
364 silly gunzTarPerm extractEntry app/templates/lang/pl_PL.mo
365 silly gunzTarPerm extractEntry app/templates/lang/pl_PL.po
366 silly gunzTarPerm extractEntry app/templates/lang/pt_BR.mo
367 silly gunzTarPerm extractEntry app/templates/lang/pt_BR.po
368 silly gunzTarPerm extractEntry app/templates/lang/ro_RO.mo
369 silly gunzTarPerm extractEntry app/templates/lang/ro_RO.po
370 silly gunzTarPerm extractEntry app/templates/lang/ru_RU.mo
371 silly gunzTarPerm extractEntry app/templates/lang/ru_RU.po
372 silly gunzTarPerm extractEntry app/templates/lang/sr_rs.mo
373 silly gunzTarPerm extractEntry app/templates/lang/sv_SE.mo
374 silly gunzTarPerm extractEntry app/templates/lang/sv_SE.po
375 silly gunzTarPerm extractEntry app/templates/lang/tr_TR.mo
376 silly gunzTarPerm extractEntry app/templates/lang/tr_TR.po
377 silly gunzTarPerm extractEntry app/templates/lang/vi_VN.mo
378 silly gunzTarPerm extractEntry app/templates/lang/vi_VN.po
379 silly gunzTarPerm extractEntry app/templates/lang/zh_CN.mo
380 silly gunzTarPerm extractEntry app/templates/lang/zh_CN.po
381 silly gunzTarPerm extractEntry app/templates/lang/zh_TW.mo
382 silly gunzTarPerm extractEntry app/templates/lang/zh_TW.po
383 silly gunzTarPerm extractEntry app/templates/lib/relative-urls.php
384 silly gunzTarPerm extractEntry app/templates/lib/activation.php
385 silly gunzTarPerm extractEntry app/templates/lib/comments.php
386 silly gunzTarPerm extractEntry app/templates/lib/config.php
387 silly gunzTarPerm extractEntry app/templates/lib/custom.php
388 silly gunzTarPerm extractEntry app/templates/lib/gallery.php
389 silly gunzTarPerm extractEntry app/templates/lib/init.php
390 silly gunzTarPerm extractEntry app/templates/lib/nav.php
391 silly gunzTarPerm extractEntry app/templates/lib/cleanup.php
392 silly gunzTarPerm extractEntry app/templates/lib/rewrites.php
393 silly gunzTarPerm extractEntry app/templates/lib/scripts.php
394 silly gunzTarPerm extractEntry app/templates/lib/sidebar.php
395 silly gunzTarPerm extractEntry app/templates/lib/titles.php
396 silly gunzTarPerm extractEntry app/templates/lib/utils.php
397 silly gunzTarPerm extractEntry app/templates/lib/widgets.php
398 silly gunzTarPerm extractEntry app/templates/lib/wrapper.php
399 silly gunzTarPerm extractEntry app/templates/logo.svg
400 silly gunzTarPerm extractEntry app/templates/TODO.md
401 silly gunzTarPerm extractEntry app/templates/page.php
402 silly gunzTarPerm extractEntry app/templates/sass/_photoshop.scss
403 silly gunzTarPerm extractEntry app/templates/sass/_comments.scss
404 silly gunzTarPerm extractEntry app/templates/sass/_global.scss
405 silly gunzTarPerm extractEntry app/templates/sass/_grid.scss
406 silly gunzTarPerm extractEntry app/templates/sass/_helpers.scss
407 silly gunzTarPerm extractEntry app/templates/sass/_mixins.scss
408 silly gunzTarPerm extractEntry app/templates/sass/_page.scss
409 silly gunzTarPerm extractEntry app/templates/sass/_forms.scss
410 silly gunzTarPerm extractEntry app/templates/sass/_posts.scss
411 silly gunzTarPerm extractEntry app/templates/sass/_print.scss
412 silly gunzTarPerm extractEntry app/templates/sass/_rem.scss
413 silly gunzTarPerm extractEntry app/templates/sass/_search.scss
414 silly gunzTarPerm extractEntry app/templates/sass/_variables.scss
415 silly gunzTarPerm extractEntry app/templates/sass/_widgets.scss
416 silly gunzTarPerm extractEntry app/templates/sass/app.scss
417 silly gunzTarPerm extractEntry app/templates/screenshot.png
418 silly gunzTarPerm extractEntry app/templates/single.php
419 silly gunzTarPerm extractEntry app/templates/style.css
420 silly gunzTarPerm extractEntry app/templates/template-custom.php
421 silly gunzTarPerm extractEntry app/templates/templates/footer.php
422 silly gunzTarPerm extractEntry app/templates/templates/comment.php
423 silly gunzTarPerm extractEntry app/templates/templates/content-page.php
424 silly gunzTarPerm extractEntry app/templates/templates/content-single.php
425 silly gunzTarPerm extractEntry app/templates/templates/content.php
426 silly gunzTarPerm extractEntry app/templates/templates/entry-meta.php
427 silly gunzTarPerm extractEntry app/templates/templates/comments.php
428 silly gunzTarPerm extractEntry app/templates/templates/head.php
429 silly gunzTarPerm extractEntry app/templates/templates/header.php
430 silly gunzTarPerm extractEntry app/templates/templates/page-header.php
431 silly gunzTarPerm extractEntry app/templates/templates/searchform.php
432 silly gunzTarPerm extractEntry app/templates/templates/sidebar.php
433 silly gunzTarPerm extractEntry app/templates/travis.yml
434 silly lockFile 7cec756a-pm-generator-egzpo-0-0-6-package tar:///home/vagrant/.npm/generator-egzpo/0.0.6/package
435 silly lockFile 7cec756a-pm-generator-egzpo-0-0-6-package tar:///home/vagrant/.npm/generator-egzpo/0.0.6/package
436 silly lockFile 99fc8551-enerator-egzpo-0-0-6-package-tgz tar:///home/vagrant/.npm/generator-egzpo/0.0.6/package.tgz
437 silly lockFile 99fc8551-enerator-egzpo-0-0-6-package-tgz tar:///home/vagrant/.npm/generator-egzpo/0.0.6/package.tgz
438 verbose chmod /home/vagrant/.npm/generator-egzpo/0.0.6/package.tgz 644
439 verbose chown /home/vagrant/.npm/generator-egzpo/0.0.6/package.tgz [ 1000, 1000 ]
440 silly lockFile 3a52ce78- .
441 silly lockFile 3a52ce78- .
442 silly publish { name: 'generator-egzpo',
442 silly publish   version: '0.0.6',
442 silly publish   description: 'A generator for éGzpo',
442 silly publish   keywords:
442 silly publish    [ 'yeoman-generator',
442 silly publish      'yeoman-egzpo',
442 silly publish      'generator-egzpo',
442 silly publish      'egzpo',
442 silly publish      'roots' ],
442 silly publish   homepage: 'https://github.com/Fouppy/generator-egzpo',
442 silly publish   bugs: { url: 'https://github.com/Fouppy/generator-egzpo/issues' },
442 silly publish   author:
442 silly publish    { name: 'Frédéric Honoré',
442 silly publish      email: 'fred.honore@gmail.com',
442 silly publish      url: 'https://github.com/Fouppy' },
442 silly publish   main: 'app/index.js',
442 silly publish   repository:
442 silly publish    { type: 'git',
442 silly publish      url: 'git://github.com/Fouppy/generator-egzpo.git' },
442 silly publish   scripts: { test: 'mocha' },
442 silly publish   dependencies: { 'yeoman-generator': '~0.14.2' },
442 silly publish   devDependencies: { mocha: '~1.15.1' },
442 silly publish   peerDependencies: { yo: '>=1.0.0' },
442 silly publish   engines: { node: '>=0.8.0', npm: '>=1.2.10' },
442 silly publish   licenses: [ { type: 'MIT' } ],
442 silly publish   readme: '# generator-egzpo [![Build Status](https://secure.travis-ci.org/Fouppy/generator-egzpo.png?branch=master)](https://travis-ci.org/Fouppy/generator-egzpo)  [![Dependency Status](https://david-dm.org/Fouppy/generator-egzpo.png)](https://david-dm.org/Fouppy/generator-egzpo)  [![devDependency Status](https://david-dm.org/Fouppy/generator-egzpo/dev-status.png)](https://david-dm.org/Fouppy/generator-egzpo#info=devDependencies)\n\nA generator for [Yeoman](http://yeoman.io).\n\n\n## Getting Started\n\n### What is Yeoman?\n\nTrick question. It\'s not a thing. It\'s this guy:\n\n![](http://i.imgur.com/JHaAlBJ.png)\n\nBasically, he wears a top hat, lives in your computer, and waits for you to tell him what kind of application you wish to create.\n\nNot every new computer comes with a Yeoman pre-installed. He lives in the [npm](https://npmjs.org) package repository. You only have to ask for him once, then he packs up and moves into your hard drive. *Make sure you clean up, he likes new and shiny things.*\n\n```\n$ npm install -g yo\n```\n\n### Yeoman Generators\n\nYeoman travels light. He didn\'t pack any generators when he moved in. You can think of a generator like a plug-in. You get to choose what type of application you wish to create, such as a Backbone application or even a Chrome extension.\n\nTo install generator-egzpo from npm, run:\n\n```\n$ npm install -g generator-egzpo\n```\n\nFinally, initiate the generator:\n\n```\n$ yo egzpo\n```\n\n### Getting To Know Yeoman\n\nYeoman has a heart of gold. He\'s a person with feelings and opinions, but he\'s very easy to work with. If you think he\'s too opinionated, he can be easily convinced.\n\nIf you\'d like to get to know Yeoman better and meet some of his friends, [Grunt](http://gruntjs.com) and [Bower](http://bower.io), check out the complete [Getting Started Guide](https://github.com/yeoman/yeoman/wiki/Getting-Started).\n\n\n## License\n\n[MIT License](http://en.wikipedia.org/wiki/MIT_License)\n',
442 silly publish   readmeFilename: 'README.md',
442 silly publish   _id: 'generator-egzpo@0.0.6',
442 silly publish   dist: { shasum: '9f28dc8a5f3608a0d38aac350509ce9eb2658eec' },
442 silly publish   _from: '.' }
443 verbose url raw generator-egzpo
444 verbose url resolving [ 'https://registry.npmjs.org/', './generator-egzpo' ]
445 verbose url resolved https://registry.npmjs.org/generator-egzpo
446 info trying registry request attempt 1 at 16:17:55
447 http PUT https://registry.npmjs.org/generator-egzpo
448 http 409 https://registry.npmjs.org/generator-egzpo
449 verbose url raw generator-egzpo
450 verbose url resolving [ 'https://registry.npmjs.org/', './generator-egzpo' ]
451 verbose url resolved https://registry.npmjs.org/generator-egzpo
452 info trying registry request attempt 1 at 16:17:57
453 http GET https://registry.npmjs.org/generator-egzpo
454 http 200 https://registry.npmjs.org/generator-egzpo
455 error publish fail Cannot publish over existing version.
455 error publish fail Update the 'version' field in package.json and try again.
455 error publish fail
455 error publish fail If the previous version was published in error, see:
455 error publish fail     npm help unpublish
455 error publish fail
455 error publish fail To automatically increment version numbers, see:
455 error publish fail     npm help version
456 error System Linux 3.2.0-23-generic-pae
457 error command "/usr/bin/node" "/usr/bin/npm" "publish"
458 error cwd /vagrant/generator-egzpo
459 error node -v v0.10.21
460 error npm -v 1.3.11
461 error code EPUBLISHCONFLICT
462 verbose exit [ 1, true ]
